2026-04-02 10:08:03.267  INFO 11692 --- [main] c.e.t.TeacherPaperApplication            : Starting TeacherPaperApplication using Java 17.0.12 on LAPTOP-3491JQUS with PID 11692 (D:\XXXiazai\ZZZZCode\code\teacherpapermanagment\teacher-paper-management\target\classes started by caiqingchao in D:\XXXiazai\ZZZZCode\code\teacherpapermanagment\teacher-paper-management)
2026-04-02 10:08:03.275 DEBUG 11692 --- [main] c.e.t.TeacherPaperApplication            : Running with Spring Boot v2.7.5, Spring v5.3.23
2026-04-02 10:08:03.275  INFO 11692 --- [main] c.e.t.TeacherPaperApplication            : No active profile set, falling back to 1 default profile: "default"
2026-04-02 10:08:04.136  INFO 11692 --- [main] .s.d.r.c.RepositoryConfigurationDelegate : Bootstrapping Spring Data JPA repositories in DEFAULT mode.
2026-04-02 10:08:04.248  INFO 11692 --- [main] .s.d.r.c.RepositoryConfigurationDelegate : Finished Spring Data repository scanning in 102 ms. Found 3 JPA repository interfaces.
2026-04-02 10:08:04.862  INFO 11692 --- [main] o.s.b.w.embedded.tomcat.TomcatWebServer  : Tomcat initialized with port(s): 8080 (http)
2026-04-02 10:08:04.863  INFO 11692 --- [main] o.a.catalina.core.AprLifecycleListener   : Loaded Apache Tomcat Native library [1.3.1] using APR version [1.7.4].
2026-04-02 10:08:04.863  INFO 11692 --- [main] o.a.catalina.core.AprLifecycleListener   : APR capabilities: IPv6 [true], sendfile [true], accept filters [false], random [true], UDS [true].
2026-04-02 10:08:04.865  INFO 11692 --- [main] o.a.catalina.core.AprLifecycleListener   : APR/OpenSSL configuration: useAprConnector [false], useOpenSSL [true]
2026-04-02 10:08:04.885  INFO 11692 --- [main] o.a.catalina.core.AprLifecycleListener   : OpenSSL successfully initialized [OpenSSL 3.0.14 4 Jun 2024]
2026-04-02 10:08:04.898  INFO 11692 --- [main] o.apache.catalina.core.StandardService   : Starting service [Tomcat]
2026-04-02 10:08:04.899  INFO 11692 --- [main] org.apache.catalina.core.StandardEngine  : Starting Servlet engine: [Apache Tomcat/9.0.68]
2026-04-02 10:08:05.050  INFO 11692 --- [main] o.a.c.c.C.[Tomcat].[localhost].[/]       : Initializing Spring embedded WebApplicationContext
2026-04-02 10:08:05.051  INFO 11692 --- [main] w.s.c.ServletWebServerApplicationContext : Root WebApplicationContext: initialization completed in 1718 ms
2026-04-02 10:08:05.278  INFO 11692 --- [main] o.hibernate.jpa.internal.util.LogHelper  : HHH000204: Processing PersistenceUnitInfo [name: default]
2026-04-02 10:08:05.381  INFO 11692 --- [main] org.hibernate.Version                    : HHH000412: Hibernate ORM core version 5.6.12.Final
2026-04-02 10:08:05.674  INFO 11692 --- [main] o.hibernate.annotations.common.Version   : HCANN000001: Hibernate Commons Annotations {5.1.2.Final}
2026-04-02 10:08:05.856  INFO 11692 --- [main] com.zaxxer.hikari.HikariDataSource       : HikariPool-1 - Starting...
2026-04-02 10:08:06.333  INFO 11692 --- [main] com.zaxxer.hikari.HikariDataSource       : HikariPool-1 - Start completed.
2026-04-02 10:08:06.352  INFO 11692 --- [main] org.hibernate.dialect.Dialect            : HHH000400: Using dialect: org.hibernate.dialect.MySQL8Dialect
